Don, 29. Feb 2024, 21:00:15:  ************* Aufraeumen gestartet *************

Eintraege gesamt: 1233. Davon inaktiv: 1230, ohne Band:   27, geloescht:  380.

21:00:25: Schritt 1 beendet. Verbliebene Eval-Ticks: 1244520.
21:00:35: Schritt 2 beendet. Verbliebene Eval-Ticks: 1881255.
21:00:45: Schritt 3 beendet. Verbliebene Eval-Ticks: 1680716.
21:00:55: Schritt 4 beendet. Verbliebene Eval-Ticks: 1925296.
21:01:05: Schritt 5 beendet. Verbliebene Eval-Ticks: 1848171.

Eintraege gesamt: 1233. Davon inaktiv: 1230, ohne Band:   27, geloescht:  380.

Don, 29. Feb 2024, 21:01:15:  ************** Aufraeumen beendet **************


Fre,  1. Mar 2024, 21:00:16:  ************* Aufraeumen gestartet *************

Eintraege gesamt: 1233. Davon inaktiv: 1230, ohne Band:   27, geloescht:  380.

21:00:26: Schritt 1 beendet. Verbliebene Eval-Ticks: 1244533.
21:00:36: Schritt 2 beendet. Verbliebene Eval-Ticks: 1881292.
21:00:46: Schritt 3 beendet. Verbliebene Eval-Ticks: 1681732.
21:00:56: Schritt 4 beendet. Verbliebene Eval-Ticks: 1925295.
21:01:06: Schritt 5 beendet. Verbliebene Eval-Ticks: 1848401.

Eintraege gesamt: 1233. Davon inaktiv: 1230, ohne Band:   27, geloescht:  380.

Fre,  1. Mar 2024, 21:01:16:  ************** Aufraeumen beendet **************


Sam,  2. Mar 2024, 21:00:17:  ************* Aufraeumen gestartet *************

Eintraege gesamt: 1233. Davon inaktiv: 1230, ohne Band:   27, geloescht:  380.

21:00:27: Schritt 1 beendet. Verbliebene Eval-Ticks: 1244553.
21:00:37: Schritt 2 beendet. Verbliebene Eval-Ticks: 1881246.
21:00:47: Schritt 3 beendet. Verbliebene Eval-Ticks: 1681474.
21:00:57: Schritt 4 beendet. Verbliebene Eval-Ticks: 1925287.
21:01:07: Schritt 5 beendet. Verbliebene Eval-Ticks: 1848162.

Eintraege gesamt: 1233. Davon inaktiv: 1230, ohne Band:   27, geloescht:  380.

Sam,  2. Mar 2024, 21:01:17:  ************** Aufraeumen beendet **************


Mit,  9. Okt 2024, 23:30:49:  ************* Aufraeumen gestartet *************

Eintraege gesamt: 1233. Davon inaktiv: 1230, ohne Band:   27, geloescht:  380.

23:30:59: Schritt 1 beendet. Verbliebene Eval-Ticks: 615219.
23:31:09: Schritt 2 beendet. Verbliebene Eval-Ticks: 1378710.
23:31:19: Schritt 3 beendet. Verbliebene Eval-Ticks: 1157188.
23:31:29: Schritt 4 beendet. Verbliebene Eval-Ticks: 1414228.
23:31:39: Schritt 5 beendet. Verbliebene Eval-Ticks: 1334979.

Eintraege gesamt: 1232. Davon inaktiv: 1232, ohne Band:   27, geloescht:  379.

Mit,  9. Okt 2024, 23:31:49:  ************** Aufraeumen beendet **************


Son, 13. Okt 2024, 17:24:31:  ************* Aufraeumen gestartet *************

Eintraege gesamt: 1233. Davon inaktiv: 1230, ohne Band:   27, geloescht:  380.

17:24:41: Schritt 1 beendet. Verbliebene Eval-Ticks: 615219.
17:24:51: Schritt 2 beendet. Verbliebene Eval-Ticks: 1378710.
17:25:01: Schritt 3 beendet. Verbliebene Eval-Ticks: 1158856.
17:25:11: Schritt 4 beendet. Verbliebene Eval-Ticks: 1414228.
17:25:21: Schritt 5 beendet. Verbliebene Eval-Ticks: 1335234.

Eintraege gesamt: 1232. Davon inaktiv: 1232, ohne Band:   27, geloescht:  379.

Son, 13. Okt 2024, 17:25:31:  ************** Aufraeumen beendet **************


Mon, 14. Okt 2024, 17:24:31:  ************* Aufraeumen gestartet *************

Eintraege gesamt: 1232. Davon inaktiv: 1232, ohne Band:   27, geloescht:  379.

17:24:41: Schritt 1 beendet. Verbliebene Eval-Ticks: 615471.
17:24:51: Schritt 2 beendet. Verbliebene Eval-Ticks: 1378914.
17:25:01: Schritt 3 beendet. Verbliebene Eval-Ticks: 1156660.
17:25:11: Schritt 4 beendet. Verbliebene Eval-Ticks: 1414287.
17:25:21: Schritt 5 beendet. Verbliebene Eval-Ticks: 1337561.

Eintraege gesamt: 1232. Davon inaktiv: 1232, ohne Band:   27, geloescht:  379.

Mon, 14. Okt 2024, 17:25:31:  ************** Aufraeumen beendet **************


Don, 17. Okt 2024, 14:52:29:  ************* Aufraeumen gestartet *************

Eintraege gesamt: 1233. Davon inaktiv: 1230, ohne Band:   27, geloescht:  380.

14:52:39: Schritt 1 beendet. Verbliebene Eval-Ticks: 615219.
14:52:49: Schritt 2 beendet. Verbliebene Eval-Ticks: 1378710.
14:52:59: Schritt 3 beendet. Verbliebene Eval-Ticks: 1157744.
14:53:09: Schritt 4 beendet. Verbliebene Eval-Ticks: 1414228.
14:53:19: Schritt 5 beendet. Verbliebene Eval-Ticks: 1334979.

Eintraege gesamt: 1232. Davon inaktiv: 1232, ohne Band:   27, geloescht:  379.

Don, 17. Okt 2024, 14:53:29:  ************** Aufraeumen beendet **************


Don, 31. Okt 2024, 23:10:37:  ************* Aufraeumen gestartet *************

Eintraege gesamt: 1233. Davon inaktiv: 1230, ohne Band:   27, geloescht:  380.

23:10:47: Schritt 1 beendet. Verbliebene Eval-Ticks: 615219.
23:10:57: Schritt 2 beendet. Verbliebene Eval-Ticks: 1378710.
23:11:07: Schritt 3 beendet. Verbliebene Eval-Ticks: 1156632.
23:11:17: Schritt 4 beendet. Verbliebene Eval-Ticks: 1414228.
23:11:27: Schritt 5 beendet. Verbliebene Eval-Ticks: 1334979.

Eintraege gesamt: 1232. Davon inaktiv: 1232, ohne Band:   27, geloescht:  379.

Don, 31. Okt 2024, 23:11:37:  ************** Aufraeumen beendet **************


Mit,  6. Nov 2024, 18:29:50:  ************* Aufraeumen gestartet *************

Eintraege gesamt: 1233. Davon inaktiv: 1230, ohne Band:   27, geloescht:  380.

18:30:00: Schritt 1 beendet. Verbliebene Eval-Ticks: 615219.
18:30:10: Schritt 2 beendet. Verbliebene Eval-Ticks: 1378710.
18:30:20: Schritt 3 beendet. Verbliebene Eval-Ticks: 1156910.
18:30:30: Schritt 4 beendet. Verbliebene Eval-Ticks: 1414228.
18:30:40: Schritt 5 beendet. Verbliebene Eval-Ticks: 1334979.

Eintraege gesamt: 1232. Davon inaktiv: 1232, ohne Band:   27, geloescht:  379.

Mit,  6. Nov 2024, 18:30:50:  ************** Aufraeumen beendet **************


Mit,  6. Nov 2024, 22:46:03:  ************* Aufraeumen gestartet *************

Eintraege gesamt: 1233. Davon inaktiv: 1229, ohne Band:   27, geloescht:  380.

22:46:13: Schritt 1 beendet. Verbliebene Eval-Ticks: 9223372036853891008.
22:46:23: Schritt 2 beendet. Verbliebene Eval-Ticks: 9223372036854654563.
22:46:33: Schritt 3 beendet. Verbliebene Eval-Ticks: 9223372036854433255.
22:46:43: Schritt 4 beendet. Verbliebene Eval-Ticks: 9223372036854690035.
22:46:53: Schritt 5 beendet. Verbliebene Eval-Ticks: 9223372036854610786.

Eintraege gesamt: 1232. Davon inaktiv: 1232, ohne Band:   27, geloescht:  379.

Mit,  6. Nov 2024, 22:47:03:  ************** Aufraeumen beendet **************


Don,  7. Nov 2024, 00:11:07:  ************* Aufraeumen gestartet *************

Eintraege gesamt: 1233. Davon inaktiv: 1229, ohne Band:   27, geloescht:  380.

00:11:17: Schritt 1 beendet. Verbliebene Eval-Ticks: 9223372036853891008.
00:11:27: Schritt 2 beendet. Verbliebene Eval-Ticks: 9223372036854654517.
00:11:37: Schritt 3 beendet. Verbliebene Eval-Ticks: 9223372036854432995.
00:11:47: Schritt 4 beendet. Verbliebene Eval-Ticks: 9223372036854690035.
00:11:57: Schritt 5 beendet. Verbliebene Eval-Ticks: 9223372036854610786.

Eintraege gesamt: 1232. Davon inaktiv: 1232, ohne Band:   27, geloescht:  379.

Don,  7. Nov 2024, 00:12:07:  ************** Aufraeumen beendet **************


Don,  7. Nov 2024, 22:31:07:  ************* Aufraeumen gestartet *************

Eintraege gesamt: 1233. Davon inaktiv: 1229, ohne Band:   27, geloescht:  380.

22:31:17: Schritt 1 beendet. Verbliebene Eval-Ticks: 9223372036853890818.
22:31:27: Schritt 2 beendet. Verbliebene Eval-Ticks: 9223372036854654563.
22:31:37: Schritt 3 beendet. Verbliebene Eval-Ticks: 9223372036854433811.
22:31:47: Schritt 4 beendet. Verbliebene Eval-Ticks: 9223372036854690035.
22:31:57: Schritt 5 beendet. Verbliebene Eval-Ticks: 9223372036854610786.

Eintraege gesamt: 1232. Davon inaktiv: 1232, ohne Band:   27, geloescht:  379.

Don,  7. Nov 2024, 22:32:07:  ************** Aufraeumen beendet **************


Fre,  8. Nov 2024, 22:31:07:  ************* Aufraeumen gestartet *************

Eintraege gesamt: 1232. Davon inaktiv: 1232, ohne Band:   27, geloescht:  379.

22:31:17: Schritt 1 beendet. Verbliebene Eval-Ticks: 9223372036853891108.
22:31:27: Schritt 2 beendet. Verbliebene Eval-Ticks: 9223372036854654721.
22:31:37: Schritt 3 beendet. Verbliebene Eval-Ticks: 9223372036854431911.
22:31:47: Schritt 4 beendet. Verbliebene Eval-Ticks: 9223372036854690094.
22:31:57: Schritt 5 beendet. Verbliebene Eval-Ticks: 9223372036854613368.

Eintraege gesamt: 1232. Davon inaktiv: 1232, ohne Band:   27, geloescht:  379.

Fre,  8. Nov 2024, 22:32:07:  ************** Aufraeumen beendet **************


Sam,  9. Nov 2024, 01:51:58:  ************* Aufraeumen gestartet *************

Eintraege gesamt: 1233. Davon inaktiv: 1229, ohne Band:   27, geloescht:  380.

01:52:08: Schritt 1 beendet. Verbliebene Eval-Ticks: 9223372036853890836.
01:52:18: Schritt 2 beendet. Verbliebene Eval-Ticks: 9223372036854654517.
01:52:28: Schritt 3 beendet. Verbliebene Eval-Ticks: 9223372036854432439.
01:52:38: Schritt 4 beendet. Verbliebene Eval-Ticks: 9223372036854690035.
01:52:48: Schritt 5 beendet. Verbliebene Eval-Ticks: 9223372036854610786.

Eintraege gesamt: 1232. Davon inaktiv: 1232, ohne Band:   27, geloescht:  379.

Sam,  9. Nov 2024, 01:52:58:  ************** Aufraeumen beendet **************


Sam,  9. Nov 2024, 17:46:36:  ************* Aufraeumen gestartet *************

Eintraege gesamt: 1233. Davon inaktiv: 1229, ohne Band:   27, geloescht:  380.

17:46:46: Schritt 1 beendet. Verbliebene Eval-Ticks: 9223372036853890818.
17:46:56: Schritt 2 beendet. Verbliebene Eval-Ticks: 9223372036854654563.
17:47:06: Schritt 3 beendet. Verbliebene Eval-Ticks: 9223372036854432977.
17:47:16: Schritt 4 beendet. Verbliebene Eval-Ticks: 9223372036854690035.
17:47:26: Schritt 5 beendet. Verbliebene Eval-Ticks: 9223372036854610786.

Eintraege gesamt: 1232. Davon inaktiv: 1232, ohne Band:   27, geloescht:  379.

Sam,  9. Nov 2024, 17:47:36:  ************** Aufraeumen beendet **************


Sam,  9. Nov 2024, 23:30:53:  ************* Aufraeumen gestartet *************

Eintraege gesamt: 1233. Davon inaktiv: 1229, ohne Band:   27, geloescht:  380.

23:31:03: Schritt 1 beendet. Verbliebene Eval-Ticks: 9223372036853890818.
23:31:13: Schritt 2 beendet. Verbliebene Eval-Ticks: 9223372036854654517.
23:31:23: Schritt 3 beendet. Verbliebene Eval-Ticks: 9223372036854433273.
23:31:33: Schritt 4 beendet. Verbliebene Eval-Ticks: 9223372036854690035.
23:31:43: Schritt 5 beendet. Verbliebene Eval-Ticks: 9223372036854611041.

Eintraege gesamt: 1232. Davon inaktiv: 1232, ohne Band:   27, geloescht:  379.

Sam,  9. Nov 2024, 23:31:53:  ************** Aufraeumen beendet **************


Son, 10. Nov 2024, 19:38:37:  ************* Aufraeumen gestartet *************

Eintraege gesamt: 1233. Davon inaktiv: 1229, ohne Band:   27, geloescht:  380.

19:38:47: Schritt 1 beendet. Verbliebene Eval-Ticks: 9223372036853890836.
19:38:57: Schritt 2 beendet. Verbliebene Eval-Ticks: 9223372036854654517.
19:39:07: Schritt 3 beendet. Verbliebene Eval-Ticks: 9223372036854433273.
19:39:17: Schritt 4 beendet. Verbliebene Eval-Ticks: 9223372036854690035.
19:39:27: Schritt 5 beendet. Verbliebene Eval-Ticks: 9223372036854610786.

Eintraege gesamt: 1232. Davon inaktiv: 1232, ohne Band:   27, geloescht:  379.

Son, 10. Nov 2024, 19:39:37:  ************** Aufraeumen beendet **************


Son, 10. Nov 2024, 23:37:35:  ************* Aufraeumen gestartet *************

Eintraege gesamt: 1233. Davon inaktiv: 1229, ohne Band:   27, geloescht:  380.

23:37:45: Schritt 1 beendet. Verbliebene Eval-Ticks: 9223372036853890818.
23:37:55: Schritt 2 beendet. Verbliebene Eval-Ticks: 9223372036854654563.
23:38:05: Schritt 3 beendet. Verbliebene Eval-Ticks: 9223372036854432699.
23:38:15: Schritt 4 beendet. Verbliebene Eval-Ticks: 9223372036854690035.
23:38:25: Schritt 5 beendet. Verbliebene Eval-Ticks: 9223372036854611041.

Eintraege gesamt: 1232. Davon inaktiv: 1232, ohne Band:   27, geloescht:  379.

Son, 10. Nov 2024, 23:38:35:  ************** Aufraeumen beendet **************


Mon, 11. Nov 2024, 23:37:35:  ************* Aufraeumen gestartet *************

Eintraege gesamt: 1232. Davon inaktiv: 1230, ohne Band:   27, geloescht:  379.

23:37:45: Schritt 1 beendet. Verbliebene Eval-Ticks: 9223372036853891108.
23:37:55: Schritt 2 beendet. Verbliebene Eval-Ticks: 9223372036854654724.
23:38:05: Schritt 3 beendet. Verbliebene Eval-Ticks: 9223372036854438981.
23:38:15: Schritt 4 beendet. Verbliebene Eval-Ticks: 9223372036854690106.
23:38:25: Schritt 5 beendet. Verbliebene Eval-Ticks: 9223372036854616400.

Eintraege gesamt: 1232. Davon inaktiv: 1231, ohne Band:   27, geloescht:  379.

Mon, 11. Nov 2024, 23:38:35:  ************** Aufraeumen beendet **************


Die, 12. Nov 2024, 23:37:35:  ************* Aufraeumen gestartet *************

Eintraege gesamt: 1232. Davon inaktiv: 1231, ohne Band:   27, geloescht:  379.

23:37:45: Schritt 1 beendet. Verbliebene Eval-Ticks: 9223372036853891108.
23:37:55: Schritt 2 beendet. Verbliebene Eval-Ticks: 9223372036854654730.
23:38:05: Schritt 3 beendet. Verbliebene Eval-Ticks: 9223372036854438711.
23:38:15: Schritt 4 beendet. Verbliebene Eval-Ticks: 9223372036854690106.
23:38:25: Schritt 5 beendet. Verbliebene Eval-Ticks: 9223372036854616400.

Eintraege gesamt: 1232. Davon inaktiv: 1231, ohne Band:   27, geloescht:  379.

Die, 12. Nov 2024, 23:38:35:  ************** Aufraeumen beendet **************


Mit, 13. Nov 2024, 21:18:22:  ************* Aufraeumen gestartet *************

Eintraege gesamt: 1233. Davon inaktiv: 1229, ohne Band:   27, geloescht:  380.

21:18:32: Schritt 1 beendet. Verbliebene Eval-Ticks: 9223372036853890818.
21:18:42: Schritt 2 beendet. Verbliebene Eval-Ticks: 9223372036854654563.
21:18:52: Schritt 3 beendet. Verbliebene Eval-Ticks: 9223372036854432737.
21:19:02: Schritt 4 beendet. Verbliebene Eval-Ticks: 9223372036854690017.
21:19:12: Schritt 5 beendet. Verbliebene Eval-Ticks: 9223372036854610698.

Eintraege gesamt: 1232. Davon inaktiv: 1232, ohne Band:   27, geloescht:  381.

Mit, 13. Nov 2024, 21:19:22:  ************** Aufraeumen beendet **************


Don, 14. Nov 2024, 21:18:22:  ************* Aufraeumen gestartet *************

Eintraege gesamt: 1232. Davon inaktiv: 1232, ohne Band:   27, geloescht:  381.

21:18:32: Schritt 1 beendet. Verbliebene Eval-Ticks: 9223372036853891008.
21:18:42: Schritt 2 beendet. Verbliebene Eval-Ticks: 9223372036854654721.
21:18:52: Schritt 3 beendet. Verbliebene Eval-Ticks: 9223372036854432885.
21:19:02: Schritt 4 beendet. Verbliebene Eval-Ticks: 9223372036854690094.
21:19:12: Schritt 5 beendet. Verbliebene Eval-Ticks: 9223372036854612770.

Eintraege gesamt: 1232. Davon inaktiv: 1232, ohne Band:   27, geloescht:  381.

Don, 14. Nov 2024, 21:19:22:  ************** Aufraeumen beendet **************


Don, 14. Nov 2024, 23:16:16:  ************* Aufraeumen gestartet *************

Eintraege gesamt: 1233. Davon inaktiv: 1229, ohne Band:   27, geloescht:  380.

23:16:26: Schritt 1 beendet. Verbliebene Eval-Ticks: 9223372036853890818.
23:16:36: Schritt 2 beendet. Verbliebene Eval-Ticks: 9223372036854654563.
23:16:46: Schritt 3 beendet. Verbliebene Eval-Ticks: 9223372036854433015.
23:16:56: Schritt 4 beendet. Verbliebene Eval-Ticks: 9223372036854690017.
23:17:06: Schritt 5 beendet. Verbliebene Eval-Ticks: 9223372036854610698.

Eintraege gesamt: 1232. Davon inaktiv: 1232, ohne Band:   27, geloescht:  381.

Don, 14. Nov 2024, 23:17:16:  ************** Aufraeumen beendet **************


Fre, 15. Nov 2024, 12:43:16:  ************* Aufraeumen gestartet *************

Eintraege gesamt: 1233. Davon inaktiv: 1229, ohne Band:   27, geloescht:  380.

12:43:26: Schritt 1 beendet. Verbliebene Eval-Ticks: 9223372036853890818.
12:43:36: Schritt 2 beendet. Verbliebene Eval-Ticks: 9223372036854654563.
12:43:46: Schritt 3 beendet. Verbliebene Eval-Ticks: 9223372036854432737.
12:43:56: Schritt 4 beendet. Verbliebene Eval-Ticks: 9223372036854690017.
12:44:06: Schritt 5 beendet. Verbliebene Eval-Ticks: 9223372036854610680.

Eintraege gesamt: 1232. Davon inaktiv: 1232, ohne Band:   27, geloescht:  381.

Fre, 15. Nov 2024, 12:44:16:  ************** Aufraeumen beendet **************


Sam, 16. Nov 2024, 02:30:42:  ************* Aufräumen gestartet *************

Einträge gesamt: 1233. Davon inaktiv: 1229, ohne Band:   27, gelöscht:  380.

02:30:52: Schritt 1 beendet. Verbliebene Eval-Ticks: 9223372036853890818.
02:31:02: Schritt 2 beendet. Verbliebene Eval-Ticks: 9223372036854654563.
02:31:12: Schritt 3 beendet. Verbliebene Eval-Ticks: 9223372036854432459.
02:31:22: Schritt 4 beendet. Verbliebene Eval-Ticks: 9223372036854690035.
02:31:32: Schritt 5 beendet. Verbliebene Eval-Ticks: 9223372036854610698.

Einträge gesamt: 1232. Davon inaktiv: 1232, ohne Band:   27, gelöscht:  381.

Sam, 16. Nov 2024, 02:31:42:  ************** Aufräumen beendet **************


Sam, 16. Nov 2024, 13:17:19:  ************* Aufräumen gestartet *************

Einträge gesamt: 1233. Davon inaktiv: 1229, ohne Band:   27, gelöscht:  380.

13:17:29: Schritt 1 beendet. Verbliebene Eval-Ticks: 9223372036853890818.
13:17:39: Schritt 2 beendet. Verbliebene Eval-Ticks: 9223372036854654563.
13:17:49: Schritt 3 beendet. Verbliebene Eval-Ticks: 9223372036854433311.
13:17:59: Schritt 4 beendet. Verbliebene Eval-Ticks: 9223372036854690035.
13:18:09: Schritt 5 beendet. Verbliebene Eval-Ticks: 9223372036854610953.

Einträge gesamt: 1232. Davon inaktiv: 1232, ohne Band:   27, gelöscht:  381.

Sam, 16. Nov 2024, 13:18:19:  ************** Aufräumen beendet **************


Sam, 16. Nov 2024, 20:19:39:  ************* Aufräumen gestartet *************

Einträge gesamt: 1233. Davon inaktiv: 1229, ohne Band:   27, gelöscht:  380.

20:19:49: Schritt 1 beendet. Verbliebene Eval-Ticks: 9223372036853890818.
20:19:59: Schritt 2 beendet. Verbliebene Eval-Ticks: 9223372036854654563.
20:20:09: Schritt 3 beendet. Verbliebene Eval-Ticks: 9223372036854433311.
20:20:19: Schritt 4 beendet. Verbliebene Eval-Ticks: 9223372036854690035.
20:20:29: Schritt 5 beendet. Verbliebene Eval-Ticks: 9223372036854610953.

Einträge gesamt: 1232. Davon inaktiv: 1232, ohne Band:   27, gelöscht:  381.

Sam, 16. Nov 2024, 20:20:39:  ************** Aufräumen beendet **************


Son, 17. Nov 2024, 20:19:39:  ************* Aufräumen gestartet *************

Einträge gesamt: 1232. Davon inaktiv: 1232, ohne Band:   27, gelöscht:  381.

20:19:49: Schritt 1 beendet. Verbliebene Eval-Ticks: 9223372036853891008.
20:19:59: Schritt 2 beendet. Verbliebene Eval-Ticks: 9223372036854654721.
20:20:09: Schritt 3 beendet. Verbliebene Eval-Ticks: 9223372036854433719.
20:20:19: Schritt 4 beendet. Verbliebene Eval-Ticks: 9223372036854690094.
20:20:29: Schritt 5 beendet. Verbliebene Eval-Ticks: 9223372036854613025.

Einträge gesamt: 1232. Davon inaktiv: 1232, ohne Band:   27, gelöscht:  381.

Son, 17. Nov 2024, 20:20:39:  ************** Aufräumen beendet **************


Son, 17. Nov 2024, 22:45:57:  ************* Aufräumen gestartet *************

Einträge gesamt: 1233. Davon inaktiv: 1229, ohne Band:   27, gelöscht:  380.

22:46:07: Schritt 1 beendet. Verbliebene Eval-Ticks: 9223372036853890818.
22:46:17: Schritt 2 beendet. Verbliebene Eval-Ticks: 9223372036854654563.
22:46:27: Schritt 3 beendet. Verbliebene Eval-Ticks: 9223372036854432755.
22:46:37: Schritt 4 beendet. Verbliebene Eval-Ticks: 9223372036854690035.
22:46:47: Schritt 5 beendet. Verbliebene Eval-Ticks: 9223372036854610953.

Einträge gesamt: 1232. Davon inaktiv: 1232, ohne Band:   27, gelöscht:  381.

Son, 17. Nov 2024, 22:46:57:  ************** Aufräumen beendet **************


Mon, 18. Nov 2024, 22:05:10:  ************* Aufräumen gestartet *************

Einträge gesamt: 1233. Davon inaktiv: 1229, ohne Band:   27, gelöscht:  380.

22:05:20: Schritt 1 beendet. Verbliebene Eval-Ticks: 9223372036853890818.
22:05:30: Schritt 2 beendet. Verbliebene Eval-Ticks: 9223372036854654563.
22:05:40: Schritt 3 beendet. Verbliebene Eval-Ticks: 9223372036854432755.
22:05:50: Schritt 4 beendet. Verbliebene Eval-Ticks: 9223372036854690035.
22:06:00: Schritt 5 beendet. Verbliebene Eval-Ticks: 9223372036854610698.

Einträge gesamt: 1232. Davon inaktiv: 1232, ohne Band:   27, gelöscht:  381.

Mon, 18. Nov 2024, 22:06:10:  ************** Aufräumen beendet **************


Die, 19. Nov 2024, 21:23:08:  ************* Aufräumen gestartet *************

Einträge gesamt: 1233. Davon inaktiv: 1229, ohne Band:   27, gelöscht:  380.

21:23:18: Schritt 1 beendet. Verbliebene Eval-Ticks: 9223372036853890818.
21:23:28: Schritt 2 beendet. Verbliebene Eval-Ticks: 9223372036854654563.
21:23:38: Schritt 3 beendet. Verbliebene Eval-Ticks: 9223372036854433033.
21:23:48: Schritt 4 beendet. Verbliebene Eval-Ticks: 9223372036854690035.
21:23:58: Schritt 5 beendet. Verbliebene Eval-Ticks: 9223372036854610698.

Einträge gesamt: 1232. Davon inaktiv: 1232, ohne Band:   27, gelöscht:  381.

Die, 19. Nov 2024, 21:24:08:  ************** Aufräumen beendet **************


Mit, 20. Nov 2024, 21:23:08:  ************* Aufräumen gestartet *************

Einträge gesamt: 1232. Davon inaktiv: 1232, ohne Band:   27, gelöscht:  381.

21:23:18: Schritt 1 beendet. Verbliebene Eval-Ticks: 9223372036853891008.
21:23:28: Schritt 2 beendet. Verbliebene Eval-Ticks: 9223372036854654721.
21:23:38: Schritt 3 beendet. Verbliebene Eval-Ticks: 9223372036854432885.
21:23:48: Schritt 4 beendet. Verbliebene Eval-Ticks: 9223372036854690094.
21:23:58: Schritt 5 beendet. Verbliebene Eval-Ticks: 9223372036854613025.

Einträge gesamt: 1232. Davon inaktiv: 1232, ohne Band:   27, gelöscht:  381.

Mit, 20. Nov 2024, 21:24:08:  ************** Aufräumen beendet **************


Don, 21. Nov 2024, 21:23:08:  ************* Aufräumen gestartet *************

Einträge gesamt: 1232. Davon inaktiv: 1232, ohne Band:   27, gelöscht:  381.

21:23:18: Schritt 1 beendet. Verbliebene Eval-Ticks: 9223372036853891008.
21:23:28: Schritt 2 beendet. Verbliebene Eval-Ticks: 9223372036854654721.
21:23:38: Schritt 3 beendet. Verbliebene Eval-Ticks: 9223372036854433163.
21:23:48: Schritt 4 beendet. Verbliebene Eval-Ticks: 9223372036854690094.
21:23:58: Schritt 5 beendet. Verbliebene Eval-Ticks: 9223372036854613025.

Einträge gesamt: 1232. Davon inaktiv: 1232, ohne Band:   27, gelöscht:  381.

Don, 21. Nov 2024, 21:24:08:  ************** Aufräumen beendet **************


Fre, 22. Nov 2024, 21:23:08:  ************* Aufräumen gestartet *************

Einträge gesamt: 1232. Davon inaktiv: 1232, ohne Band:   27, gelöscht:  381.

21:23:18: Schritt 1 beendet. Verbliebene Eval-Ticks: 9223372036853891008.
21:23:28: Schritt 2 beendet. Verbliebene Eval-Ticks: 9223372036854654721.
21:23:38: Schritt 3 beendet. Verbliebene Eval-Ticks: 9223372036854433997.
21:23:48: Schritt 4 beendet. Verbliebene Eval-Ticks: 9223372036854690094.
21:23:58: Schritt 5 beendet. Verbliebene Eval-Ticks: 9223372036854613025.

Einträge gesamt: 1232. Davon inaktiv: 1232, ohne Band:   27, gelöscht:  381.

Fre, 22. Nov 2024, 21:24:08:  ************** Aufräumen beendet **************


Sam, 23. Nov 2024, 14:39:15:  ************* Aufräumen gestartet *************

Einträge gesamt: 1233. Davon inaktiv: 1229, ohne Band:   27, gelöscht:  380.

14:39:25: Schritt 1 beendet. Verbliebene Eval-Ticks: 9223372036853890818.
14:39:35: Schritt 2 beendet. Verbliebene Eval-Ticks: 9223372036854654563.
14:39:45: Schritt 3 beendet. Verbliebene Eval-Ticks: 9223372036854433849.
14:39:55: Schritt 4 beendet. Verbliebene Eval-Ticks: 9223372036854690017.
14:40:05: Schritt 5 beendet. Verbliebene Eval-Ticks: 9223372036854610935.

Einträge gesamt: 1232. Davon inaktiv: 1232, ohne Band:   27, gelöscht:  381.

Sam, 23. Nov 2024, 14:40:15:  ************** Aufräumen beendet **************


Sam, 23. Nov 2024, 23:28:19:  ************* Aufräumen gestartet *************

Einträge gesamt: 1233. Davon inaktiv: 1229, ohne Band:   27, gelöscht:  380.

23:28:29: Schritt 1 beendet. Verbliebene Eval-Ticks: 9223372036853890818.
23:28:39: Schritt 2 beendet. Verbliebene Eval-Ticks: 9223372036854654563.
23:28:49: Schritt 3 beendet. Verbliebene Eval-Ticks: 9223372036854432648.
23:28:59: Schritt 4 beendet. Verbliebene Eval-Ticks: 9223372036854690035.
23:29:09: Schritt 5 beendet. Verbliebene Eval-Ticks: 9223372036854610302.

Einträge gesamt: 1232. Davon inaktiv: 1232, ohne Band:   27, gelöscht:  390.

Sam, 23. Nov 2024, 23:29:19:  ************** Aufräumen beendet **************


Son, 24. Nov 2024, 23:14:15:  ************* Aufräumen gestartet *************

Einträge gesamt: 1233. Davon inaktiv: 1229, ohne Band:   27, gelöscht:  380.

23:14:25: Schritt 1 beendet. Verbliebene Eval-Ticks: 9223372036853890818.
23:14:35: Schritt 2 beendet. Verbliebene Eval-Ticks: 9223372036854654563.
23:14:45: Schritt 3 beendet. Verbliebene Eval-Ticks: 9223372036854432352.
23:14:55: Schritt 4 beendet. Verbliebene Eval-Ticks: 9223372036854690017.
23:15:05: Schritt 5 beendet. Verbliebene Eval-Ticks: 9223372036854610284.

Einträge gesamt: 1232. Davon inaktiv: 1232, ohne Band:   27, gelöscht:  390.

Son, 24. Nov 2024, 23:15:15:  ************** Aufräumen beendet **************


Die, 26. Nov 2024, 00:09:04:  ************* Aufräumen gestartet *************

Einträge gesamt: 1233. Davon inaktiv: 1229, ohne Band:   27, gelöscht:  380.

00:09:14: Schritt 1 beendet. Verbliebene Eval-Ticks: 9223372036853890818.
00:09:24: Schritt 2 beendet. Verbliebene Eval-Ticks: 9223372036854654563.
00:09:34: Schritt 3 beendet. Verbliebene Eval-Ticks: 9223372036854432648.
00:09:44: Schritt 4 beendet. Verbliebene Eval-Ticks: 9223372036854690035.
00:09:54: Schritt 5 beendet. Verbliebene Eval-Ticks: 9223372036854610302.

Einträge gesamt: 1232. Davon inaktiv: 1232, ohne Band:   27, gelöscht:  390.

Die, 26. Nov 2024, 00:10:04:  ************** Aufräumen beendet **************


Die, 26. Nov 2024, 08:25:57:  ************* Aufräumen gestartet *************

Einträge gesamt: 1233. Davon inaktiv: 1229, ohne Band:   27, gelöscht:  380.

08:26:07: Schritt 1 beendet. Verbliebene Eval-Ticks: 9223372036853890818.
08:26:17: Schritt 2 beendet. Verbliebene Eval-Ticks: 9223372036854654563.
08:26:27: Schritt 3 beendet. Verbliebene Eval-Ticks: 9223372036854432630.
08:26:37: Schritt 4 beendet. Verbliebene Eval-Ticks: 9223372036854690017.
08:26:47: Schritt 5 beendet. Verbliebene Eval-Ticks: 9223372036854610284.

Einträge gesamt: 1232. Davon inaktiv: 1232, ohne Band:   27, gelöscht:  390.

Die, 26. Nov 2024, 08:26:57:  ************** Aufräumen beendet **************


Die, 26. Nov 2024, 11:18:53:  ************* Aufräumen gestartet *************

Einträge gesamt: 1233. Davon inaktiv: 1229, ohne Band:   27, gelöscht:  380.

11:19:03: Schritt 1 beendet. Verbliebene Eval-Ticks: 9223372036853890818.
11:19:13: Schritt 2 beendet. Verbliebene Eval-Ticks: 9223372036854654563.
11:19:23: Schritt 3 beendet. Verbliebene Eval-Ticks: 9223372036854432074.
11:19:33: Schritt 4 beendet. Verbliebene Eval-Ticks: 9223372036854690017.
11:19:43: Schritt 5 beendet. Verbliebene Eval-Ticks: 9223372036854610284.

Einträge gesamt: 1232. Davon inaktiv: 1232, ohne Band:   27, gelöscht:  390.

Die, 26. Nov 2024, 11:19:53:  ************** Aufräumen beendet **************


Die, 26. Nov 2024, 14:18:35:  ************* Aufräumen gestartet *************

Einträge gesamt: 1233. Davon inaktiv: 1229, ohne Band:   27, gelöscht:  380.

14:18:45: Schritt 1 beendet. Verbliebene Eval-Ticks: 9223372036853890818.
14:18:55: Schritt 2 beendet. Verbliebene Eval-Ticks: 9223372036854654563.
14:19:05: Schritt 3 beendet. Verbliebene Eval-Ticks: 9223372036854432648.
14:19:15: Schritt 4 beendet. Verbliebene Eval-Ticks: 9223372036854690035.
14:19:25: Schritt 5 beendet. Verbliebene Eval-Ticks: 9223372036854610302.

Einträge gesamt: 1232. Davon inaktiv: 1232, ohne Band:   27, gelöscht:  390.

Die, 26. Nov 2024, 14:19:35:  ************** Aufräumen beendet **************


Die, 26. Nov 2024, 16:07:38:  ************* Aufräumen gestartet *************

Einträge gesamt: 1233. Davon inaktiv: 1229, ohne Band:   27, gelöscht:  380.

16:07:48: Schritt 1 beendet. Verbliebene Eval-Ticks: 9223372036853890818.
16:07:58: Schritt 2 beendet. Verbliebene Eval-Ticks: 9223372036854654563.
16:08:08: Schritt 3 beendet. Verbliebene Eval-Ticks: 9223372036854432630.
16:08:18: Schritt 4 beendet. Verbliebene Eval-Ticks: 9223372036854690017.
16:08:28: Schritt 5 beendet. Verbliebene Eval-Ticks: 9223372036854610284.

Einträge gesamt: 1232. Davon inaktiv: 1232, ohne Band:   27, gelöscht:  390.

Die, 26. Nov 2024, 16:08:38:  ************** Aufräumen beendet **************


Die, 26. Nov 2024, 19:40:54:  ************* Aufräumen gestartet *************

Einträge gesamt: 1233. Davon inaktiv: 1229, ohne Band:   27, gelöscht:  380.

19:41:04: Schritt 1 beendet. Verbliebene Eval-Ticks: 9223372036853890818.
19:41:14: Schritt 2 beendet. Verbliebene Eval-Ticks: 9223372036854654563.
19:41:24: Schritt 3 beendet. Verbliebene Eval-Ticks: 9223372036854432908.
19:41:34: Schritt 4 beendet. Verbliebene Eval-Ticks: 9223372036854690017.
19:41:44: Schritt 5 beendet. Verbliebene Eval-Ticks: 9223372036854610284.

Einträge gesamt: 1232. Davon inaktiv: 1232, ohne Band:   27, gelöscht:  390.

Die, 26. Nov 2024, 19:41:54:  ************** Aufräumen beendet **************


Mit, 27. Nov 2024, 19:40:54:  ************* Aufräumen gestartet *************

Einträge gesamt: 1232. Davon inaktiv: 1232, ohne Band:   27, gelöscht:  390.

19:41:04: Schritt 1 beendet. Verbliebene Eval-Ticks: 9223372036853890558.
19:41:14: Schritt 2 beendet. Verbliebene Eval-Ticks: 9223372036854654721.
19:41:24: Schritt 3 beendet. Verbliebene Eval-Ticks: 9223372036854436017.
19:41:34: Schritt 4 beendet. Verbliebene Eval-Ticks: 9223372036854690094.
19:41:44: Schritt 5 beendet. Verbliebene Eval-Ticks: 9223372036854610334.

Einträge gesamt: 1232. Davon inaktiv: 1232, ohne Band:   27, gelöscht:  390.

Mit, 27. Nov 2024, 19:41:54:  ************** Aufräumen beendet **************


Don, 28. Nov 2024, 19:40:54:  ************* Aufräumen gestartet *************

Einträge gesamt: 1232. Davon inaktiv: 1232, ohne Band:   27, gelöscht:  390.

19:41:04: Schritt 1 beendet. Verbliebene Eval-Ticks: 9223372036853890558.
19:41:14: Schritt 2 beendet. Verbliebene Eval-Ticks: 9223372036854654721.
19:41:24: Schritt 3 beendet. Verbliebene Eval-Ticks: 9223372036854436017.
19:41:34: Schritt 4 beendet. Verbliebene Eval-Ticks: 9223372036854690094.
19:41:44: Schritt 5 beendet. Verbliebene Eval-Ticks: 9223372036854610079.

Einträge gesamt: 1232. Davon inaktiv: 1232, ohne Band:   27, gelöscht:  390.

Don, 28. Nov 2024, 19:41:54:  ************** Aufräumen beendet **************


